{"numFailedTestSuites":1,"numFailedTests":1,"numPassedTestSuites":0,"numPassedTests":2,"numPendingTestSuites":0,"numPendingTests":1,"numRuntimeErrorTestSuites":0,"numTodoTests":0,"numTotalTestSuites":1,"numTotalTests":4,"openHandles":[],"snapshot":{"added":0,"didUpdate":false,"failure":false,"filesAdded":0,"filesRemoved":0,"filesRemovedList":[],"filesUnmatched":0,"filesUpdated":0,"matched":0,"total":0,"unchecked":0,"uncheckedKeysByFile":[],"unmatched":0,"updated":0},"startTime":1789249754037,"success":false,"testResults":[{"assertionResults":[{"ancestorTitles":["math"],"duration":1,"failing":false,"failureDetails":[],"failureMessages":[],"fullName":"math adds","invocations":1,"location":null,"numPassingAsserts":0,"retryMessages":[],"retryReasons":[],"status":"passed","title":"adds","startAt":1789249754169},{"ancestorTitles":["math"],"duration":1,"failing":false,"failureDetails":[{"message":"assert.strictEqual(received, expected)\n\nExpected value to strictly be equal to:\n  1\nReceived:\n  2\n    at Object.strictEqual (/repo/math.test.js:5:42)\n    at Promise.finally.completed (/repo/node_modules/jest-circus/build/jestAdapterInit.js:1834:28)\n    at new Promise (<anonymous>)\n    at callAsyncCircusFn (/repo/node_modules/jest-circus/build/jestAdapterInit.js:1774:10)\n    at _callCircusTest (/repo/node_modules/jest-circus/build/jestAdapterInit.js:1167:40)\n    at processTicksAndRejections (node:internal/process/task_queues:104:5)\n    at _runTestInContext (/repo/node_modules/jest-circus/build/jestAdapterInit.js:1103:3)\n    at runTestWithContext (/repo/node_modules/jest-circus/build/jestAdapterInit.js:996:5)\n    at _runTestsForDescribeBlockOnce (/repo/node_modules/jest-circus/build/jestAdapterInit.js:1008:11)\n    at _runTestsForDescribeBlock (/repo/node_modules/jest-circus/build/jestAdapterInit.js:824:5)\n    at _runTestsForDescribeBlockOnce (/repo/node_modules/jest-circus/build/jestAdapterInit.js:1003:11)\n    at _runTestsForDescribeBlock (/repo/node_modules/jest-circus/build/jestAdapterInit.js:824:5)\n    at run (/repo/node_modules/jest-circus/build/jestAdapterInit.js:789:3)\n    at runAndTransformResultsToJestFormat (/repo/node_modules/jest-circus/build/jestAdapterInit.js:2300:21)\n    at jestAdapter (/repo/node_modules/jest-circus/build/runner.js:111:19)\n    at runTestInternal (/repo/node_modules/jest-runner/build/index.js:247:16)\n    at runTest (/repo/node_modules/jest-runner/build/index.js:315:7)"}],"failureMessages":["assert.strictEqual(received, expected)\n\nExpected value to strictly be equal to:\n  1\nReceived:\n  2\n    at Object.strictEqual (/repo/math.test.js:5:42)\n    at Promise.finally.completed (/repo/node_modules/jest-circus/build/jestAdapterInit.js:1834:28)\n    at new Promise (<anonymous>)\n    at callAsyncCircusFn (/repo/node_modules/jest-circus/build/jestAdapterInit.js:1774:10)\n    at _callCircusTest (/repo/node_modules/jest-circus/build/jestAdapterInit.js:1167:40)\n    at processTicksAndRejections (node:internal/process/task_queues:104:5)\n    at _runTestInContext (/repo/node_modules/jest-circus/build/jestAdapterInit.js:1103:3)\n    at runTestWithContext (/repo/node_modules/jest-circus/build/jestAdapterInit.js:996:5)\n    at _runTestsForDescribeBlockOnce (/repo/node_modules/jest-circus/build/jestAdapterInit.js:1008:11)\n    at _runTestsForDescribeBlock (/repo/node_modules/jest-circus/build/jestAdapterInit.js:824:5)\n    at _runTestsForDescribeBlockOnce (/repo/node_modules/jest-circus/build/jestAdapterInit.js:1003:11)\n    at _runTestsForDescribeBlock (/repo/node_modules/jest-circus/build/jestAdapterInit.js:824:5)\n    at run (/repo/node_modules/jest-circus/build/jestAdapterInit.js:789:3)\n    at runAndTransformResultsToJestFormat (/repo/node_modules/jest-circus/build/jestAdapterInit.js:2300:21)\n    at jestAdapter (/repo/node_modules/jest-circus/build/runner.js:111:19)\n    at runTestInternal (/repo/node_modules/jest-runner/build/index.js:247:16)\n    at runTest (/repo/node_modules/jest-runner/build/index.js:315:7)"],"fullName":"math subtracts wrongly","invocations":1,"location":null,"numPassingAsserts":0,"retryMessages":[],"retryReasons":[],"status":"failed","title":"subtracts wrongly","startAt":1789249754170},{"ancestorTitles":["math"],"duration":null,"failing":false,"failureDetails":[],"failureMessages":[],"fullName":"math skipped one","invocations":1,"location":null,"numPassingAsserts":0,"retryMessages":[],"retryReasons":[],"status":"pending","title":"skipped one","startAt":1789249754171},{"ancestorTitles":[],"duration":0,"failing":false,"failureDetails":[],"failureMessages":[],"fullName":"top level passes","invocations":1,"location":null,"numPassingAsserts":0,"retryMessages":[],"retryReasons":[],"status":"passed","title":"top level passes","startAt":1789249754171}],"endTime":1789249754179,"message":"  ● math › subtracts wrongly\n\n    assert.strictEqual(received, expected)\n\n    Expected value to strictly be equal to:\n      1\n    Received:\n      2\n\n      3 | describe(\"math\", () => {\n      4 |   test(\"adds\", () => assert.strictEqual(1 + 1, 2));\n    > 5 |   test(\"subtracts wrongly\", () => assert.strictEqual(5 - 3, 1));\n        |                                          ^\n      6 |   test.skip(\"skipped one\", () => {});\n      7 | });\n      8 | test(\"top level passes\", () => {});\n\n      at Object.strictEqual (math.test.js:5:42)\n","name":"/repo/math.test.js","startTime":1789249754095,"status":"failed","summary":""}],"wasInterrupted":false}
