<?xml version="1.0" encoding="utf-8"?>
<testsuites>
	<testsuite name="math" time="0.001459" disabled="0" errors="0" tests="3" failures="1" skipped="1" hostname="Mac">
		<testcase name="adds" time="0.000407" classname="test" file="/repo/math.test.mjs"/>
		<testcase name="subtracts wrongly" time="0.000525" classname="test" file="/repo/math.test.mjs" failure="Expected values to be strictly equal:&#10;&#10;2 !== 1&#10;">
			<failure type="testCodeFailure" message="Expected values to be strictly equal:&#10;&#10;2 !== 1">
Error [ERR_TEST_FAILURE]: Expected values to be strictly equal:

2 !== 1

    at async Promise.all (index 0) {
  code: 'ERR_TEST_FAILURE',
  failureType: 'testCodeFailure',
  cause: AssertionError [ERR_ASSERTION]: Expected values to be strictly equal:
  
  2 !== 1
  
      at TestContext.&lt;anonymous> (file:///repo/math.test.mjs:5:42)
      at Test.runInAsyncScope (node:async_hooks:226:14)
      at Test.run (node:internal/test_runner/test:1201:25)
      at Suite.processPendingSubtests (node:internal/test_runner/test:831:18)
      at Test.postRun (node:internal/test_runner/test:1330:19)
      at Test.run (node:internal/test_runner/test:1258:12)
      at async Promise.all (index 0)
      at async Suite.run (node:internal/test_runner/test:1619:7)
      at async startSubtestAfterBootstrap (node:internal/test_runner/harness:385:3) {
    generatedMessage: true,
    code: 'ERR_ASSERTION',
    actual: 2,
    expected: 1,
    operator: 'strictEqual',
    diff: 'simple'
  }
}
			</failure>
		</testcase>
		<testcase name="skipped one" time="0.000036" classname="test" file="/repo/math.test.mjs">
			<skipped type="skipped" message="true"/>
		</testcase>
	</testsuite>
	<testcase name="top level passes" time="0.000054" classname="test" file="/repo/math.test.mjs"/>
	<!-- tests 4 -->
	<!-- suites 1 -->
	<!-- pass 2 -->
	<!-- fail 1 -->
	<!-- cancelled 0 -->
	<!-- skipped 1 -->
	<!-- todo 0 -->
	<!-- duration_ms 71.840625 -->
</testsuites>
